<?xml version="1.0" encoding="UTF-8"?>
<!-- Generated by org.testng.reporters.JUnitReportReporter -->
<testsuite skipped="0" hostname="dhirendra349101" name="Tests.VerifyMyWishList" tests="1" failures="0" timestamp="15 Aug 2018 10:14:45 GMT" time="13.512" errors="0">
  <testcase name="verifyMyWishLsit" time="13.512" classname="Tests.VerifyMyWishList"/>
</testsuite> <!-- Tests.VerifyMyWishList -->
