<?xml version="1.0" encoding="UTF-8"?>
<!-- Generated by org.testng.reporters.JUnitReportReporter -->
<testsuite skipped="0" hostname="dhirendra349101" name="Tests.testclass" tests="2" failures="0" timestamp="16 Nov 2018 09:29:16 GMT" time="0.010" errors="0">
  <testcase name="Test1" time="0.003" classname="Tests.testclass"/>
  <testcase name="test2" time="0.007" classname="Tests.testclass"/>
</testsuite> <!-- Tests.testclass -->
