<?xml version="1.0" encoding="UTF-8"?>
<!-- Generated by org.testng.reporters.JUnitReportReporter -->
<testsuite skipped="0" hostname="dhirendra349101" name="Tests.VerifyAddAddress" tests="1" failures="0" timestamp="15 Aug 2018 14:14:49 GMT" time="17.697" errors="0">
  <testcase name="VerifyAddAddress" time="17.697" classname="Tests.VerifyAddAddress"/>
</testsuite> <!-- Tests.VerifyAddAddress -->
